<?xml version="1.0" encoding="UTF-8"?>
<testng-results ignored="0" total="1" passed="1" failed="0" skipped="0">
  <reporter-output>
  </reporter-output>
  <suite started-at="2019-07-12T12:53:41Z" name="Default suite" finished-at="2019-07-12T12:53:43Z" duration-ms="2032">
    <groups>
    </groups>
    <test started-at="2019-07-12T12:53:41Z" name="Default test" finished-at="2019-07-12T12:53:43Z" duration-ms="2032">
      <class name="putrequest.PutRequest">
        <test-method signature="putRequest()[pri:0, instance:putrequest.PutRequest@17c386de]" started-at="2019-07-12T12:53:41Z" name="putRequest" finished-at="2019-07-12T12:53:43Z" duration-ms="1983" status="PASS">
          <reporter-output>
          </reporter-output>
        </test-method> <!-- putRequest -->
      </class> <!-- putrequest.PutRequest -->
    </test> <!-- Default test -->
  </suite> <!-- Default suite -->
</testng-results>
